ARM GAS  /tmp/ccqTgbkH.s 			page 1


   1              		.syntax unified
   2              		.cpu cortex-m3
   3              		.fpu softvfp
   4              		.eabi_attribute 20, 1
   5              		.eabi_attribute 21, 1
   6              		.eabi_attribute 23, 3
   7              		.eabi_attribute 24, 1
   8              		.eabi_attribute 25, 1
   9              		.eabi_attribute 26, 1
  10              		.eabi_attribute 30, 4
  11              		.eabi_attribute 34, 1
  12              		.eabi_attribute 18, 4
  13              		.thumb
  14              		.file	"queue.c"
  15              		.text
  16              	.Ltext0:
  17              		.cfi_sections	.debug_frame
  18              		.section	.text.queue_init,"ax",%progbits
  19              		.align	1
  20              		.global	queue_init
  21              		.thumb
  22              		.thumb_func
  24              	queue_init:
  25              	.LFB0:
  26              		.file 1 "queue.c"
   1:queue.c       **** /*
   2:queue.c       ****  * Copyright 2017 Mike Ryan
   3:queue.c       ****  *
   4:queue.c       ****  * This file is part of Project Ubertooth and is released under the
   5:queue.c       ****  * terms of the GPL. Refer to COPYING for more information.
   6:queue.c       ****  */
   7:queue.c       **** 
   8:queue.c       **** #include "queue.h"
   9:queue.c       **** 
  10:queue.c       **** // queue implementation is based heavily on Koopman's "Better Embedded
  11:queue.c       **** // Systems Software" section 20.3.3.1 pg 209
  12:queue.c       **** 
  13:queue.c       **** void queue_init(queue_t *f) {
  27              		.loc 1 13 0
  28              		.cfi_startproc
  29              		@ args = 0, pretend = 0, frame = 0
  30              		@ frame_needed = 0, uses_anonymous_args = 0
  31              		@ link register save eliminated.
  32              	.LVL0:
  14:queue.c       **** 	f->head = 0;
  33              		.loc 1 14 0
  34 0000 0023     		movs	r3, #0
  35 0002 8362     		str	r3, [r0, #40]
  15:queue.c       **** 	f->tail = 0;
  36              		.loc 1 15 0
  37 0004 C362     		str	r3, [r0, #44]
  38 0006 7047     		bx	lr
  39              		.cfi_endproc
  40              	.LFE0:
  42              		.section	.text.queue_insert,"ax",%progbits
  43              		.align	1
  44              		.global	queue_insert
ARM GAS  /tmp/ccqTgbkH.s 			page 2


  45              		.thumb
  46              		.thumb_func
  48              	queue_insert:
  49              	.LFB1:
  16:queue.c       **** }
  17:queue.c       **** 
  18:queue.c       **** // insert
  19:queue.c       **** int queue_insert(queue_t *f, void *x) {
  50              		.loc 1 19 0
  51              		.cfi_startproc
  52              		@ args = 0, pretend = 0, frame = 0
  53              		@ frame_needed = 0, uses_anonymous_args = 0
  54              		@ link register save eliminated.
  55              	.LVL1:
  20:queue.c       **** 	unsigned newtail;
  21:queue.c       **** 	// access next free element
  22:queue.c       **** 	newtail = f->tail + 1;
  56              		.loc 1 22 0
  57 0000 C36A     		ldr	r3, [r0, #44]
  23:queue.c       **** 
  24:queue.c       **** 	// wrap around to beginning if needed
  25:queue.c       **** 	if (newtail >= FIFOSIZE) { newtail = 0; }
  26:queue.c       **** 
  27:queue.c       **** 	// if head and tail are equal, queue is full
  28:queue.c       **** 	if (newtail == f->head) { return 0; }
  58              		.loc 1 28 0
  59 0002 826A     		ldr	r2, [r0, #40]
  22:queue.c       **** 
  60              		.loc 1 22 0
  61 0004 0133     		adds	r3, r3, #1
  62              	.LVL2:
  25:queue.c       **** 
  63              		.loc 1 25 0
  64 0006 0A2B     		cmp	r3, #10
  65 0008 28BF     		it	cs
  66 000a 0023     		movcs	r3, #0
  67              	.LVL3:
  68              		.loc 1 28 0
  69 000c 9342     		cmp	r3, r2
  29:queue.c       **** 
  30:queue.c       **** 	// write data before updating pointer
  31:queue.c       **** 	f->data[newtail] = x;
  70              		.loc 1 31 0
  71 000e 1DBF     		ittte	ne
  72 0010 40F82310 		strne	r1, [r0, r3, lsl #2]
  32:queue.c       **** 	f->tail = newtail;
  73              		.loc 1 32 0
  74 0014 C362     		strne	r3, [r0, #44]
  33:queue.c       **** 
  34:queue.c       **** 	return 1;
  75              		.loc 1 34 0
  76 0016 0120     		movne	r0, #1
  77              	.LVL4:
  28:queue.c       **** 
  78              		.loc 1 28 0
  79 0018 0020     		moveq	r0, #0
  35:queue.c       **** }
ARM GAS  /tmp/ccqTgbkH.s 			page 3


  80              		.loc 1 35 0
  81 001a 7047     		bx	lr
  82              		.cfi_endproc
  83              	.LFE1:
  85              		.section	.text.queue_remove,"ax",%progbits
  86              		.align	1
  87              		.global	queue_remove
  88              		.thumb
  89              		.thumb_func
  91              	queue_remove:
  92              	.LFB2:
  36:queue.c       **** 
  37:queue.c       **** // TODO remove
  38:queue.c       **** int queue_remove(queue_t *f, void **x) {
  93              		.loc 1 38 0
  94              		.cfi_startproc
  95              		@ args = 0, pretend = 0, frame = 0
  96              		@ frame_needed = 0, uses_anonymous_args = 0
  97              		@ link register save eliminated.
  98              	.LVL5:
  39:queue.c       **** 	unsigned newhead;
  40:queue.c       **** 
  41:queue.c       **** 	if (f->head == f->tail) { return 0; }
  99              		.loc 1 41 0
 100 0000 836A     		ldr	r3, [r0, #40]
 101 0002 C26A     		ldr	r2, [r0, #44]
 102 0004 9342     		cmp	r3, r2
 103 0006 09D0     		beq	.L9
  42:queue.c       **** 
  43:queue.c       **** 	newhead = f->head + 1;
 104              		.loc 1 43 0
 105 0008 0133     		adds	r3, r3, #1
 106              	.LVL6:
  44:queue.c       **** 
  45:queue.c       **** 	if (newhead >= FIFOSIZE) { newhead = 0; }
 107              		.loc 1 45 0
 108 000a 0A2B     		cmp	r3, #10
 109 000c 28BF     		it	cs
 110 000e 0023     		movcs	r3, #0
 111              	.LVL7:
  46:queue.c       **** 
  47:queue.c       **** 	*x = f->data[newhead];
 112              		.loc 1 47 0
 113 0010 50F82320 		ldr	r2, [r0, r3, lsl #2]
 114 0014 0A60     		str	r2, [r1]
  48:queue.c       **** 	f->head = newhead;
 115              		.loc 1 48 0
 116 0016 8362     		str	r3, [r0, #40]
  49:queue.c       **** 
  50:queue.c       **** 	return 1;
 117              		.loc 1 50 0
 118 0018 0120     		movs	r0, #1
 119              	.LVL8:
 120 001a 7047     		bx	lr
 121              	.LVL9:
 122              	.L9:
  41:queue.c       **** 
ARM GAS  /tmp/ccqTgbkH.s 			page 4


 123              		.loc 1 41 0
 124 001c 0020     		movs	r0, #0
 125              	.LVL10:
  51:queue.c       **** }
 126              		.loc 1 51 0
 127 001e 7047     		bx	lr
 128              		.cfi_endproc
 129              	.LFE2:
 131              		.text
 132              	.Letext0:
 133              		.file 2 "queue.h"
ARM GAS  /tmp/ccqTgbkH.s 			page 5


DEFINED SYMBOLS
                            *ABS*:0000000000000000 queue.c
     /tmp/ccqTgbkH.s:19     .text.queue_init:0000000000000000 $t
     /tmp/ccqTgbkH.s:24     .text.queue_init:0000000000000000 queue_init
     /tmp/ccqTgbkH.s:43     .text.queue_insert:0000000000000000 $t
     /tmp/ccqTgbkH.s:48     .text.queue_insert:0000000000000000 queue_insert
     /tmp/ccqTgbkH.s:86     .text.queue_remove:0000000000000000 $t
     /tmp/ccqTgbkH.s:91     .text.queue_remove:0000000000000000 queue_remove
                     .debug_frame:0000000000000010 $d

NO UNDEFINED SYMBOLS
